INFO: Redmi 9 ligou-se.
ERRO! Redmi 9 já está ligado.
INFO: Redmi 9 conectou-se.
ERRO! Redmi 9 já está conectado
INFO: Redmi 9 desconectou-se
ERRO! Redmi 9 já está desconectado
INFO: Redmi 9 desligou-se.
ERRO! Redmi 9 já está desligado.
INFO: Redmi 9 ligou-se.
ERRO! Redmi 9 já está ligado.
INFO: Redmi 9 conectou-se.
ERRO! Redmi 9 já está conectado
INFO: Redmi 9 desconectou-se
ERRO! Redmi 9 já está desconectado
INFO: Redmi 9 desligou-se.
ERRO! Redmi 9 já está desligado.
INFO: Redmi 9 ligou-se.
ERRO! Redmi 9 já está ligado.
INFO: Redmi 9 conectou-se.
ERRO! Redmi 9 já está conectado
INFO: Redmi 9 desconectou-se
ERRO! Redmi 9 já está desconectado
INFO: Redmi 9 desligou-se.
ERRO! Redmi 9 já está desligado.
